<?xml version="1.0" encoding="UTF-8"?>
<testsuite xmlns:xsi="http://www.w3.org/2001/XMLSchema-instance" xsi:noNamespaceSchemaLocation="https://maven.apache.org/surefire/maven-surefire-plugin/xsd/surefire-test-report-3.0.xsd" version="3.0" name="cpu.BCDTest" time="0.056" tests="6" errors="0" skipped="0" failures="0">
  <properties>
[...]
</properties>
  <testcase name="das_known_vectors" classname="cpu.BCDTest" time="0.025"/>
  <testcase name="aaa_preserves_ah" classname="cpu.BCDTest" time="0.002"/>
  <testcase name="daa_exhaustive" classname="cpu.BCDTest" time="0.009"/>
  <testcase name="aam_uses_al_only" classname="cpu.BCDTest" time="0.006"/>
  <testcase name="das_exhaustive" classname="cpu.BCDTest" time="0.006"/>
  <testcase name="daa_known_vectors" classname="cpu.BCDTest" time="0.003"/>
</testsuite>